
> synergyos@0.1.0 build-storybook
> storybook build --output-dir=/var/folders/qk/232mkc996h7dqffm4sm_zytm0000gn/T/chromatic--61463-JXDNOWtNValu

[1mstorybook v10.0.8
[22m
info => Cleaning outputDir: [36m../../../../var/folders/qk/232mkc996h7dqffm4sm_zytm0000gn/T/chromatic--61463-JXDNOWtNValu[39m
info => Loading presets
info => Building manager..
info => Building preview..
info => Copying static files: [36mstatic[39m at [36m../../../../var/folders/qk/232mkc996h7dqffm4sm_zytm0000gn/T/chromatic--61463-JXDNOWtNValu[39m
[Storybook] Final Vite aliases: [
  '$convex',
  '$tests',
  '$lib/modules/meetings/composables/useActionItems.svelte',
  '$lib/modules/meetings/composables/useActionItemsForm.svelte',
  '$lib/convex',
  '$convex/_generated/api',
  '$convex/_generated/dataModel',
  '$convex/_generated',
  'convex-svelte',
  '$app/environment'
]
[36mvite v7.2.2 [32mbuilding client environment for production...[36m[39m
transforming...
[32m✓[39m 1511 modules transformed.
rendering chunks...
computing gzip size...
[2m../../../../var/folders/qk/232mkc996h7dqffm4sm_zytm0000gn/T/chromatic--61463-JXDNOWtNValu/[22m[32miframe.html                                             [39m[1m[2m 19.83 kB[22m[1m[22m[2m │ gzip:   5.29 kB[22m
[2m../../../../var/folders/qk/232mkc996h7dqffm4sm_zytm0000gn/T/chromatic--61463-JXDNOWtNValu/[22m[2massets/[22m[35mLoadingOverlay-CL11lvhX.css                      [39m[1m[2m  0.14 kB[22m[1m[22m[2m │ gzip:   0.12 kB[22m
[2m../../../../var/folders/qk/232mkc996h7dqffm4sm_zytm0000gn/T/chromatic--61463-JXDNOWtNValu/[22m[2massets/[22m[35mScrollArea-bHHIbcsu.css                          [39m[1m[2m  0.35 kB[22m[1m[22m[2m │ gzip:   0.19 kB[22m
[2m../../../../var/folders/qk/232mkc996h7dqffm4sm_zytm0000gn/T/chromatic--61463-JXDNOWtNValu/[22m[2massets/[22m[35mCircleNode-Cr-K37rY.css                          [39m[1m[2m  0.47 kB[22m[1m[22m[2m │ gzip:   0.23 kB[22m
[2m../../../../var/folders/qk/232mkc996h7dqffm4sm_zytm0000gn/T/chromatic--61463-JXDNOWtNValu/[22m[2massets/[22m[35mRoleNode-aZzbxUdl.css                            [39m[1m[2m  0.53 kB[22m[1m[22m[2m │ gzip:   0.24 kB[22m
[2m../../../../var/folders/qk/232mkc996h7dqffm4sm_zytm0000gn/T/chromatic--61463-JXDNOWtNValu/[22m[2massets/[22m[35mToggleGroup-tftps56f.css                         [39m[1m[2m  1.56 kB[22m[1m[22m[2m │ gzip:   0.47 kB[22m
[2m../../../../var/folders/qk/232mkc996h7dqffm4sm_zytm0000gn/T/chromatic--61463-JXDNOWtNValu/[22m[2massets/[22m[35miframe-MwS-CiGc.css                              [39m[1m[2m101.86 kB[22m[1m[22m[2m │ gzip:  17.83 kB[22m
[2m../../../../var/folders/qk/232mkc996h7dqffm4sm_zytm0000gn/T/chromatic--61463-JXDNOWtNValu/[22m[2massets/[22m[36mnoop-DX6rZLP_.js                                 [39m[1m[2m  0.03 kB[22m[1m[22m[2m │ gzip:   0.05 kB[22m
[2m../../../../var/folders/qk/232mkc996h7dqffm4sm_zytm0000gn/T/chromatic--61463-JXDNOWtNValu/[22m[2massets/[22m[36mis-BGFdVicR.js                                   [39m[1m[2m  0.06 kB[22m[1m[22m[2m │ gzip:   0.07 kB[22m
[2m../../../../var/folders/qk/232mkc996h7dqffm4sm_zytm0000gn/T/chromatic--61463-JXDNOWtNValu/[22m[2massets/[22m[36mon-mount-effect.svelte-DwZRyian.js               [39m[1m[2m  0.10 kB[22m[1m[22m[2m │ gzip:   0.11 kB[22m
[2m../../../../var/folders/qk/232mkc996h7dqffm4sm_zytm0000gn/T/chromatic--61463-JXDNOWtNValu/[22m[2massets/[22m[36mTabs.stories-BBTvJ6Ne.js                         [39m[1m[2m  0.10 kB[22m[1m[22m[2m │ gzip:   0.11 kB[22m
[2m../../../../var/folders/qk/232mkc996h7dqffm4sm_zytm0000gn/T/chromatic--61463-JXDNOWtNValu/[22m[2massets/[22m[36mAccordion.stories-BqQMdxYD.js                    [39m[1m[2m  0.11 kB[22m[1m[22m[2m │ gzip:   0.12 kB[22m
[2m../../../../var/folders/qk/232mkc996h7dqffm4sm_zytm0000gn/T/chromatic--61463-JXDNOWtNValu/[22m[2massets/[22m[36muse-id-C09Eugg1.js                               [39m[1m[2m  0.16 kB[22m[1m[22m[2m │ gzip:   0.12 kB[22m
[2m../../../../var/folders/qk/232mkc996h7dqffm4sm_zytm0000gn/T/chromatic--61463-JXDNOWtNValu/[22m[2massets/[22m[36morgChartTransform-C-8Tt20T.js                    [39m[1m[2m  0.18 kB[22m[1m[22m[2m │ gzip:   0.14 kB[22m
[2m../../../../var/folders/qk/232mkc996h7dqffm4sm_zytm0000gn/T/chromatic--61463-JXDNOWtNValu/[22m[2massets/[22m[36mprevious.svelte-BU_olvft.js                      [39m[1m[2m  0.22 kB[22m[1m[22m[2m │ gzip:   0.19 kB[22m
[2m../../../../var/folders/qk/232mkc996h7dqffm4sm_zytm0000gn/T/chromatic--61463-JXDNOWtNValu/[22m[2massets/[22m[36mformatter-OMEEQ6HG-CsJ-XWkW.js                   [39m[1m[2m  0.23 kB[22m[1m[22m[2m │ gzip:   0.20 kB[22m
[2m../../../../var/folders/qk/232mkc996h7dqffm4sm_zytm0000gn/T/chromatic--61463-JXDNOWtNValu/[22m[2massets/[22m[36mthis-CTX1ef9K.js                                 [39m[1m[2m  0.31 kB[22m[1m[22m[2m │ gzip:   0.22 kB[22m
[2m../../../../var/folders/qk/232mkc996h7dqffm4sm_zytm0000gn/T/chromatic--61463-JXDNOWtNValu/[22m[2massets/[22m[36mclass-KmOWzncI.js                                [39m[1m[2m  0.34 kB[22m[1m[22m[2m │ gzip:   0.25 kB[22m
[2m../../../../var/folders/qk/232mkc996h7dqffm4sm_zytm0000gn/T/chromatic--61463-JXDNOWtNValu/[22m[2massets/[22m[36mcontext-CU_NHuh_.js                              [39m[1m[2m  0.36 kB[22m[1m[22m[2m │ gzip:   0.25 kB[22m
[2m../../../../var/folders/qk/232mkc996h7dqffm4sm_zytm0000gn/T/chromatic--61463-JXDNOWtNValu/[22m[2massets/[22m[36mstyle-D67L-Qbo.js                                [39m[1m[2m  0.41 kB[22m[1m[22m[2m │ gzip:   0.28 kB[22m
[2m../../../../var/folders/qk/232mkc996h7dqffm4sm_zytm0000gn/T/chromatic--61463-JXDNOWtNValu/[22m[2massets/[22m[36mOrgChart.stories-Dj6zLfFS.js                     [39m[1m[2m  0.41 kB[22m[1m[22m[2m │ gzip:   0.30 kB[22m
[2m../../../../var/folders/qk/232mkc996h7dqffm4sm_zytm0000gn/T/chromatic--61463-JXDNOWtNValu/[22m[2massets/[22m[36mAgendaItemView.stories-D9uipN5z.js               [39m[1m[2m  0.41 kB[22m[1m[22m[2m │ gzip:   0.31 kB[22m
[2m../../../../var/folders/qk/232mkc996h7dqffm4sm_zytm0000gn/T/chromatic--61463-JXDNOWtNValu/[22m[2massets/[22m[36mDecisionsList.stories-CRM6SckG.js                [39m[1m[2m  0.42 kB[22m[1m[22m[2m │ gzip:   0.31 kB[22m
[2m../../../../var/folders/qk/232mkc996h7dqffm4sm_zytm0000gn/T/chromatic--61463-JXDNOWtNValu/[22m[2massets/[22m[36mRoleDetailPanel.stories-bApfaZBc.js              [39m[1m[2m  0.42 kB[22m[1m[22m[2m │ gzip:   0.31 kB[22m
[2m../../../../var/folders/qk/232mkc996h7dqffm4sm_zytm0000gn/T/chromatic--61463-JXDNOWtNValu/[22m[2massets/[22m[36mCircleRolesPanel.stories-_sheHgbZ.js             [39m[1m[2m  0.42 kB[22m[1m[22m[2m │ gzip:   0.31 kB[22m
[2m../../../../var/folders/qk/232mkc996h7dqffm4sm_zytm0000gn/T/chromatic--61463-JXDNOWtNValu/[22m[2massets/[22m[36mSecretarySelector.stories-LnPVglQn.js            [39m[1m[2m  0.43 kB[22m[1m[22m[2m │ gzip:   0.31 kB[22m
[2m../../../../var/folders/qk/232mkc996h7dqffm4sm_zytm0000gn/T/chromatic--61463-JXDNOWtNValu/[22m[2massets/[22m[36mCircleDetailPanel.stories-_C5Ei4Ds.js            [39m[1m[2m  0.43 kB[22m[1m[22m[2m │ gzip:   0.31 kB[22m
[2m../../../../var/folders/qk/232mkc996h7dqffm4sm_zytm0000gn/T/chromatic--61463-JXDNOWtNValu/[22m[2massets/[22m[36mCreateMeetingModal.stories-DrK5OA_J.js           [39m[1m[2m  0.43 kB[22m[1m[22m[2m │ gzip:   0.31 kB[22m
[2m../../../../var/folders/qk/232mkc996h7dqffm4sm_zytm0000gn/T/chromatic--61463-JXDNOWtNValu/[22m[2massets/[22m[36mCircleMembersPanel.stories-DQNKddBE.js           [39m[1m[2m  0.43 kB[22m[1m[22m[2m │ gzip:   0.31 kB[22m
[2m../../../../var/folders/qk/232mkc996h7dqffm4sm_zytm0000gn/T/chromatic--61463-JXDNOWtNValu/[22m[2massets/[22m[36mSecretaryConfirmationDialog.stories-CQOCfRT2.js  [39m[1m[2m  0.44 kB[22m[1m[22m[2m │ gzip:   0.32 kB[22m
[2m../../../../var/folders/qk/232mkc996h7dqffm4sm_zytm0000gn/T/chromatic--61463-JXDNOWtNValu/[22m[2massets/[22m[36mkbd-constants-C_DvQfqh.js                        [39m[1m[2m  0.50 kB[22m[1m[22m[2m │ gzip:   0.31 kB[22m
[2m../../../../var/folders/qk/232mkc996h7dqffm4sm_zytm0000gn/T/chromatic--61463-JXDNOWtNValu/[22m[2massets/[22m[36mindex-DOeis_Ef.js                                [39m[1m[2m  0.50 kB[22m[1m[22m[2m │ gzip:   0.33 kB[22m
[2m../../../../var/folders/qk/232mkc996h7dqffm4sm_zytm0000gn/T/chromatic--61463-JXDNOWtNValu/[22m[2massets/[22m[36mis-DtD5rb4o.js                                   [39m[1m[2m  0.59 kB[22m[1m[22m[2m │ gzip:   0.30 kB[22m
[2m../../../../var/folders/qk/232mkc996h7dqffm4sm_zytm0000gn/T/chromatic--61463-JXDNOWtNValu/[22m[2massets/[22m[36minput-C2nJGiw_.js                                [39m[1m[2m  0.79 kB[22m[1m[22m[2m │ gzip:   0.45 kB[22m
[2m../../../../var/folders/qk/232mkc996h7dqffm4sm_zytm0000gn/T/chromatic--61463-JXDNOWtNValu/[22m[2massets/[22m[36mwatch.svelte-B4RJpwqQ.js                         [39m[1m[2m  0.84 kB[22m[1m[22m[2m │ gzip:   0.49 kB[22m
[2m../../../../var/folders/qk/232mkc996h7dqffm4sm_zytm0000gn/T/chromatic--61463-JXDNOWtNValu/[22m[2massets/[22m[36mhidden-input-DyF4zLam.js                         [39m[1m[2m  0.90 kB[22m[1m[22m[2m │ gzip:   0.55 kB[22m
[2m../../../../var/folders/qk/232mkc996h7dqffm4sm_zytm0000gn/T/chromatic--61463-JXDNOWtNValu/[22m[2massets/[22m[36mapi-B5TBnvOW.js                                  [39m[1m[2m  1.15 kB[22m[1m[22m[2m │ gzip:   0.59 kB[22m
[2m../../../../var/folders/qk/232mkc996h7dqffm4sm_zytm0000gn/T/chromatic--61463-JXDNOWtNValu/[22m[2massets/[22m[36mpreload-helper-PPVm8Dsz.js                       [39m[1m[2m  1.23 kB[22m[1m[22m[2m │ gzip:   0.72 kB[22m
[2m../../../../var/folders/qk/232mkc996h7dqffm4sm_zytm0000gn/T/chromatic--61463-JXDNOWtNValu/[22m[2massets/[22m[36mLabel-DyvyXf8F.js                                [39m[1m[2m  1.25 kB[22m[1m[22m[2m │ gzip:   0.71 kB[22m
[2m../../../../var/folders/qk/232mkc996h7dqffm4sm_zytm0000gn/T/chromatic--61463-JXDNOWtNValu/[22m[2massets/[22m[36mBadge-CAsGv1HQ.js                                [39m[1m[2m  1.25 kB[22m[1m[22m[2m │ gzip:   0.59 kB[22m
[2m../../../../var/folders/qk/232mkc996h7dqffm4sm_zytm0000gn/T/chromatic--61463-JXDNOWtNValu/[22m[2massets/[22m[36marrays-BNuGUCm9.js                               [39m[1m[2m  1.33 kB[22m[1m[22m[2m │ gzip:   0.54 kB[22m
[2m../../../../var/folders/qk/232mkc996h7dqffm4sm_zytm0000gn/T/chromatic--61463-JXDNOWtNValu/[22m[2massets/[22m[36mAvatar-C--4lYis.js                               [39m[1m[2m  1.36 kB[22m[1m[22m[2m │ gzip:   0.61 kB[22m
[2m../../../../var/folders/qk/232mkc996h7dqffm4sm_zytm0000gn/T/chromatic--61463-JXDNOWtNValu/[22m[2massets/[22m[36mChip.stories-BBf9PweF.js                         [39m[1m[2m  1.52 kB[22m[1m[22m[2m │ gzip:   0.71 kB[22m
[2m../../../../var/folders/qk/232mkc996h7dqffm4sm_zytm0000gn/T/chromatic--61463-JXDNOWtNValu/[22m[2massets/[22m[36mportal-JBQW7EpX.js                               [39m[1m[2m  1.56 kB[22m[1m[22m[2m │ gzip:   0.82 kB[22m
[2m../../../../var/folders/qk/232mkc996h7dqffm4sm_zytm0000gn/T/chromatic--61463-JXDNOWtNValu/[22m[2massets/[22m[36mKeyboardShortcut-Co0HT7db.js                     [39m[1m[2m  1.58 kB[22m[1m[22m[2m │ gzip:   0.86 kB[22m
[2m../../../../var/folders/qk/232mkc996h7dqffm4sm_zytm0000gn/T/chromatic--61463-JXDNOWtNValu/[22m[2massets/[22m[36mdom-context.svelte-C6VBjQMM.js                   [39m[1m[2m  1.60 kB[22m[1m[22m[2m │ gzip:   0.69 kB[22m
[2m../../../../var/folders/qk/232mkc996h7dqffm4sm_zytm0000gn/T/chromatic--61463-JXDNOWtNValu/[22m[2massets/[22m[36mattributes-BR1w_UPB.js                           [39m[1m[2m  1.66 kB[22m[1m[22m[2m │ gzip:   0.87 kB[22m
[2m../../../../var/folders/qk/232mkc996h7dqffm4sm_zytm0000gn/T/chromatic--61463-JXDNOWtNValu/[22m[2massets/[22m[36mBadge.stories-CsCZqPlB.js                        [39m[1m[2m  1.75 kB[22m[1m[22m[2m │ gzip:   0.74 kB[22m
[2m../../../../var/folders/qk/232mkc996h7dqffm4sm_zytm0000gn/T/chromatic--61463-JXDNOWtNValu/[22m[2massets/[22m[36mStatusPill-tR1WApDS.js                           [39m[1m[2m  1.92 kB[22m[1m[22m[2m │ gzip:   0.86 kB[22m
[2m../../../../var/folders/qk/232mkc996h7dqffm4sm_zytm0000gn/T/chromatic--61463-JXDNOWtNValu/[22m[2massets/[22m[36mIconButton-D4T5jBN6.js                           [39m[1m[2m  1.97 kB[22m[1m[22m[2m │ gzip:   0.79 kB[22m
[2m../../../../var/folders/qk/232mkc996h7dqffm4sm_zytm0000gn/T/chromatic--61463-JXDNOWtNValu/[22m[2massets/[22m[36mroving-focus-group-C8KuV_40.js                   [39m[1m[2m  2.14 kB[22m[1m[22m[2m │ gzip:   1.00 kB[22m
[2m../../../../var/folders/qk/232mkc996h7dqffm4sm_zytm0000gn/T/chromatic--61463-JXDNOWtNValu/[22m[2massets/[22m[36mIcon-DhwYsdMj.js                                 [39m[1m[2m  2.16 kB[22m[1m[22m[2m │ gzip:   0.95 kB[22m
[2m../../../../var/folders/qk/232mkc996h7dqffm4sm_zytm0000gn/T/chromatic--61463-JXDNOWtNValu/[22m[2massets/[22m[36mindex-CWfLu_72.js                                [39m[1m[2m  2.16 kB[22m[1m[22m[2m │ gzip:   1.00 kB[22m
[2m../../../../var/folders/qk/232mkc996h7dqffm4sm_zytm0000gn/T/chromatic--61463-JXDNOWtNValu/[22m[2massets/[22m[36mPinInput.stories-NCeoxS6N.js                     [39m[1m[2m  2.27 kB[22m[1m[22m[2m │ gzip:   0.89 kB[22m
[2m../../../../var/folders/qk/232mkc996h7dqffm4sm_zytm0000gn/T/chromatic--61463-JXDNOWtNValu/[22m[2massets/[22m[36mLoading-C5J1cf_n.js                              [39m[1m[2m  2.32 kB[22m[1m[22m[2m │ gzip:   0.96 kB[22m
[2m../../../../var/folders/qk/232mkc996h7dqffm4sm_zytm0000gn/T/chromatic--61463-JXDNOWtNValu/[22m[2massets/[22m[36mFormTextarea.stories-B1G8hBG5.js                 [39m[1m[2m  2.34 kB[22m[1m[22m[2m │ gzip:   0.88 kB[22m
[2m../../../../var/folders/qk/232mkc996h7dqffm4sm_zytm0000gn/T/chromatic--61463-JXDNOWtNValu/[22m[2massets/[22m[36mFormTextarea-BfY7Nsay.js                         [39m[1m[2m  2.38 kB[22m[1m[22m[2m │ gzip:   0.92 kB[22m
[2m../../../../var/folders/qk/232mkc996h7dqffm4sm_zytm0000gn/T/chromatic--61463-JXDNOWtNValu/[22m[2massets/[22m[36mChip-Dpj1KrWZ.js                                 [39m[1m[2m  2.38 kB[22m[1m[22m[2m │ gzip:   1.08 kB[22m
[2m../../../../var/folders/qk/232mkc996h7dqffm4sm_zytm0000gn/T/chromatic--61463-JXDNOWtNValu/[22m[2massets/[22m[36mKeyboardShortcut.stories-DtZaPY9C.js             [39m[1m[2m  2.44 kB[22m[1m[22m[2m │ gzip:   0.81 kB[22m
[2m../../../../var/folders/qk/232mkc996h7dqffm4sm_zytm0000gn/T/chromatic--61463-JXDNOWtNValu/[22m[2massets/[22m[36mLoading.stories-ji80Xyut.js                      [39m[1m[2m  2.44 kB[22m[1m[22m[2m │ gzip:   0.89 kB[22m
[2m../../../../var/folders/qk/232mkc996h7dqffm4sm_zytm0000gn/T/chromatic--61463-JXDNOWtNValu/[22m[2massets/[22m[36mHeading-CP7qsksA.js                              [39m[1m[2m  2.54 kB[22m[1m[22m[2m │ gzip:   1.05 kB[22m
[2m../../../../var/folders/qk/232mkc996h7dqffm4sm_zytm0000gn/T/chromatic--61463-JXDNOWtNValu/[22m[2massets/[22m[36mFormInput.stories-B5UcRX9n.js                    [39m[1m[2m  2.58 kB[22m[1m[22m[2m │ gzip:   0.93 kB[22m
[2m../../../../var/folders/qk/232mkc996h7dqffm4sm_zytm0000gn/T/chromatic--61463-JXDNOWtNValu/[22m[2massets/[22m[36mPanelBreadcrumbBar.stories-BtYZsPo0.js           [39m[1m[2m  2.64 kB[22m[1m[22m[2m │ gzip:   1.05 kB[22m
[2m../../../../var/folders/qk/232mkc996h7dqffm4sm_zytm0000gn/T/chromatic--61463-JXDNOWtNValu/[22m[2massets/[22m[36mLabel.stories-D79HZX4-.js                        [39m[1m[2m  2.64 kB[22m[1m[22m[2m │ gzip:   1.03 kB[22m
[2m../../../../var/folders/qk/232mkc996h7dqffm4sm_zytm0000gn/T/chromatic--61463-JXDNOWtNValu/[22m[2massets/[22m[36mLoadingOverlay.stories-BoYcDcg8.js               [39m[1m[2m  2.71 kB[22m[1m[22m[2m │ gzip:   0.90 kB[22m
[2m../../../../var/folders/qk/232mkc996h7dqffm4sm_zytm0000gn/T/chromatic--61463-JXDNOWtNValu/[22m[2massets/[22m[36mPanelBreadcrumbs-BV_RJIkk.js                     [39m[1m[2m  2.78 kB[22m[1m[22m[2m │ gzip:   1.35 kB[22m
[2m../../../../var/folders/qk/232mkc996h7dqffm4sm_zytm0000gn/T/chromatic--61463-JXDNOWtNValu/[22m[2massets/[22m[36mHeading.stories-hBjhdVne.js                      [39m[1m[2m  2.88 kB[22m[1m[22m[2m │ gzip:   0.89 kB[22m
[2m../../../../var/folders/qk/232mkc996h7dqffm4sm_zytm0000gn/T/chromatic--61463-JXDNOWtNValu/[22m[2massets/[22m[36mCard-DtzkyHp8.js                                 [39m[1m[2m  3.06 kB[22m[1m[22m[2m │ gzip:   1.24 kB[22m
[2m../../../../var/folders/qk/232mkc996h7dqffm4sm_zytm0000gn/T/chromatic--61463-JXDNOWtNValu/[22m[2massets/[22m[36mCard.stories-CjFXS6f4.js                         [39m[1m[2m  3.22 kB[22m[1m[22m[2m │ gzip:   0.98 kB[22m
[2m../../../../var/folders/qk/232mkc996h7dqffm4sm_zytm0000gn/T/chromatic--61463-JXDNOWtNValu/[22m[2massets/[22m[36mAvatar.stories-bkyjfwLF.js                       [39m[1m[2m  3.37 kB[22m[1m[22m[2m │ gzip:   1.03 kB[22m
[2m../../../../var/folders/qk/232mkc996h7dqffm4sm_zytm0000gn/T/chromatic--61463-JXDNOWtNValu/[22m[2massets/[22m[36meach-tj7ydCHU.js                                 [39m[1m[2m  3.37 kB[22m[1m[22m[2m │ gzip:   1.70 kB[22m
[2m../../../../var/folders/qk/232mkc996h7dqffm4sm_zytm0000gn/T/chromatic--61463-JXDNOWtNValu/[22m[2massets/[22m[36mButton.stories-BeJrVwQg.js                       [39m[1m[2m  3.76 kB[22m[1m[22m[2m │ gzip:   0.99 kB[22m
[2m../../../../var/folders/qk/232mkc996h7dqffm4sm_zytm0000gn/T/chromatic--61463-JXDNOWtNValu/[22m[2massets/[22m[36mText.stories-pp7YM0P6.js                         [39m[1m[2m  3.91 kB[22m[1m[22m[2m │ gzip:   1.07 kB[22m
[2m../../../../var/folders/qk/232mkc996h7dqffm4sm_zytm0000gn/T/chromatic--61463-JXDNOWtNValu/[22m[2massets/[22m[36mStatusPill.stories-BbqDp53Q.js                   [39m[1m[2m  3.92 kB[22m[1m[22m[2m │ gzip:   1.06 kB[22m
[2m../../../../var/folders/qk/232mkc996h7dqffm4sm_zytm0000gn/T/chromatic--61463-JXDNOWtNValu/[22m[2massets/[22m[36mattributes-Btzk_0gs.js                           [39m[1m[2m  4.15 kB[22m[1m[22m[2m │ gzip:   2.02 kB[22m
[2m../../../../var/folders/qk/232mkc996h7dqffm4sm_zytm0000gn/T/chromatic--61463-JXDNOWtNValu/[22m[2massets/[22m[36mDialog-Cyr_ZjTh.js                               [39m[1m[2m  4.20 kB[22m[1m[22m[2m │ gzip:   1.62 kB[22m
[2m../../../../var/folders/qk/232mkc996h7dqffm4sm_zytm0000gn/T/chromatic--61463-JXDNOWtNValu/[22m[2massets/[22m[36mText-C9PTn936.js                                 [39m[1m[2m  4.42 kB[22m[1m[22m[2m │ gzip:   1.48 kB[22m
[2m../../../../var/folders/qk/232mkc996h7dqffm4sm_zytm0000gn/T/chromatic--61463-JXDNOWtNValu/[22m[2massets/[22m[36mSplitButton.stories-BgsdCilw.js                  [39m[1m[2m  4.54 kB[22m[1m[22m[2m │ gzip:   1.53 kB[22m
[2m../../../../var/folders/qk/232mkc996h7dqffm4sm_zytm0000gn/T/chromatic--61463-JXDNOWtNValu/[22m[2massets/[22m[36mModulesMeetings-ZjgaePV5.js                      [39m[1m[2m  4.83 kB[22m[1m[22m[2m │ gzip:   1.49 kB[22m
[2m../../../../var/folders/qk/232mkc996h7dqffm4sm_zytm0000gn/T/chromatic--61463-JXDNOWtNValu/[22m[2massets/[22m[36mSeparator.stories-CicYBEUN.js                    [39m[1m[2m  4.87 kB[22m[1m[22m[2m │ gzip:   1.70 kB[22m
[2m../../../../var/folders/qk/232mkc996h7dqffm4sm_zytm0000gn/T/chromatic--61463-JXDNOWtNValu/[22m[2massets/[22m[36mModulesOrgChart-CZFB4CWV.js                      [39m[1m[2m  4.94 kB[22m[1m[22m[2m │ gzip:   1.44 kB[22m
[2m../../../../var/folders/qk/232mkc996h7dqffm4sm_zytm0000gn/T/chromatic--61463-JXDNOWtNValu/[22m[2massets/[22m[36mAspectRatio.stories-BU64SNps.js                  [39m[1m[2m  4.97 kB[22m[1m[22m[2m │ gzip:   1.64 kB[22m
[2m../../../../var/folders/qk/232mkc996h7dqffm4sm_zytm0000gn/T/chromatic--61463-JXDNOWtNValu/[22m[2massets/[22m[36mMeter.stories-Dibje6Gi.js                        [39m[1m[2m  5.13 kB[22m[1m[22m[2m │ gzip:   1.57 kB[22m
[2m../../../../var/folders/qk/232mkc996h7dqffm4sm_zytm0000gn/T/chromatic--61463-JXDNOWtNValu/[22m[2massets/[22m[36mProgress.stories-BaU389-f.js                     [39m[1m[2m  5.75 kB[22m[1m[22m[2m │ gzip:   1.69 kB[22m
[2m../../../../var/folders/qk/232mkc996h7dqffm4sm_zytm0000gn/T/chromatic--61463-JXDNOWtNValu/[22m[2massets/[22m[36mIntroduction-BiX2Ktxz.js                         [39m[1m[2m  5.89 kB[22m[1m[22m[2m │ gzip:   1.77 kB[22m
[2m../../../../var/folders/qk/232mkc996h7dqffm4sm_zytm0000gn/T/chromatic--61463-JXDNOWtNValu/[22m[2massets/[22m[36mButton-nht__Uot.js                               [39m[1m[2m  6.11 kB[22m[1m[22m[2m │ gzip:   2.06 kB[22m
[2m../../../../var/folders/qk/232mkc996h7dqffm4sm_zytm0000gn/T/chromatic--61463-JXDNOWtNValu/[22m[2massets/[22m[36mDesignSystem-CH_9OAK6.js                         [39m[1m[2m  6.46 kB[22m[1m[22m[2m │ gzip:   1.78 kB[22m
[2m../../../../var/folders/qk/232mkc996h7dqffm4sm_zytm0000gn/T/chromatic--61463-JXDNOWtNValu/[22m[2massets/[22m[36mCreateCircleModal.stories-DNkOOknf.js            [39m[1m[2m  6.66 kB[22m[1m[22m[2m │ gzip:   2.70 kB[22m
[2m../../../../var/folders/qk/232mkc996h7dqffm4sm_zytm0000gn/T/chromatic--61463-JXDNOWtNValu/[22m[2massets/[22m[36mCategoryHeader.stories-CgN5NieO.js               [39m[1m[2m  6.98 kB[22m[1m[22m[2m │ gzip:   2.47 kB[22m
[2m../../../../var/folders/qk/232mkc996h7dqffm4sm_zytm0000gn/T/chromatic--61463-JXDNOWtNValu/[22m[2massets/[22m[36mDesignSystemAtoms-DEn4nAZB.js                    [39m[1m[2m  7.28 kB[22m[1m[22m[2m │ gzip:   2.01 kB[22m
[2m../../../../var/folders/qk/232mkc996h7dqffm4sm_zytm0000gn/T/chromatic--61463-JXDNOWtNValu/[22m[2massets/[22m[36mcreate-runtime-stories-hifw_93s.js               [39m[1m[2m  7.32 kB[22m[1m[22m[2m │ gzip:   3.25 kB[22m
[2m../../../../var/folders/qk/232mkc996h7dqffm4sm_zytm0000gn/T/chromatic--61463-JXDNOWtNValu/[22m[2massets/[22m[36mToggle.stories-5eLguAiU.js                       [39m[1m[2m  7.36 kB[22m[1m[22m[2m │ gzip:   1.99 kB[22m
[2m../../../../var/folders/qk/232mkc996h7dqffm4sm_zytm0000gn/T/chromatic--61463-JXDNOWtNValu/[22m[2massets/[22m[36mModules-CeZCc9Xp.js                              [39m[1m[2m  7.43 kB[22m[1m[22m[2m │ gzip:   2.04 kB[22m
[2m../../../../var/folders/qk/232mkc996h7dqffm4sm_zytm0000gn/T/chromatic--61463-JXDNOWtNValu/[22m[2massets/[22m[36mLoadingOverlay-Ld29Tcgj.js                       [39m[1m[2m  7.69 kB[22m[1m[22m[2m │ gzip:   3.24 kB[22m
[2m../../../../var/folders/qk/232mkc996h7dqffm4sm_zytm0000gn/T/chromatic--61463-JXDNOWtNValu/[22m[2massets/[22m[36mIconButton.stories-g6eeG2VA.js                   [39m[1m[2m  7.72 kB[22m[1m[22m[2m │ gzip:   1.76 kB[22m
[2m../../../../var/folders/qk/232mkc996h7dqffm4sm_zytm0000gn/T/chromatic--61463-JXDNOWtNValu/[22m[2massets/[22m[36mDialog.stories-BgYAcJQx.js                       [39m[1m[2m  7.77 kB[22m[1m[22m[2m │ gzip:   1.87 kB[22m
[2m../../../../var/folders/qk/232mkc996h7dqffm4sm_zytm0000gn/T/chromatic--61463-JXDNOWtNValu/[22m[2massets/[22m[36mRoleDetailHeader.stories-DKYN4V6m.js             [39m[1m[2m  7.92 kB[22m[1m[22m[2m │ gzip:   2.47 kB[22m
[2m../../../../var/folders/qk/232mkc996h7dqffm4sm_zytm0000gn/T/chromatic--61463-JXDNOWtNValu/[22m[2massets/[22m[36mCircleDetailHeader.stories-CZ5PlY1j.js           [39m[1m[2m  7.96 kB[22m[1m[22m[2m │ gzip:   2.46 kB[22m
[2m../../../../var/folders/qk/232mkc996h7dqffm4sm_zytm0000gn/T/chromatic--61463-JXDNOWtNValu/[22m[2massets/[22m[36mcreate-id-D8OrabMO.js                            [39m[1m[2m  8.22 kB[22m[1m[22m[2m │ gzip:   3.28 kB[22m
[2m../../../../var/folders/qk/232mkc996h7dqffm4sm_zytm0000gn/T/chromatic--61463-JXDNOWtNValu/[22m[2massets/[22m[36mSplitButton-c3oVDBZS.js                          [39m[1m[2m  8.41 kB[22m[1m[22m[2m │ gzip:   3.20 kB[22m
[2m../../../../var/folders/qk/232mkc996h7dqffm4sm_zytm0000gn/T/chromatic--61463-JXDNOWtNValu/[22m[2massets/[22m[36mRoleCard.stories-D3qHaMTJ.js                     [39m[1m[2m  8.90 kB[22m[1m[22m[2m │ gzip:   2.75 kB[22m
[2m../../../../var/folders/qk/232mkc996h7dqffm4sm_zytm0000gn/T/chromatic--61463-JXDNOWtNValu/[22m[2massets/[22m[36mInboxCard.stories-B3-BLKXu.js                    [39m[1m[2m  9.06 kB[22m[1m[22m[2m │ gzip:   2.91 kB[22m
[2m../../../../var/folders/qk/232mkc996h7dqffm4sm_zytm0000gn/T/chromatic--61463-JXDNOWtNValu/[22m[2massets/[22m[36mRoleNode.stories-IB6C8xTS.js                     [39m[1m[2m  9.88 kB[22m[1m[22m[2m │ gzip:   2.47 kB[22m
[2m../../../../var/folders/qk/232mkc996h7dqffm4sm_zytm0000gn/T/chromatic--61463-JXDNOWtNValu/[22m[2massets/[22m[36mdialog-content-k7PzH3-B.js                       [39m[1m[2m 10.47 kB[22m[1m[22m[2m │ gzip:   2.86 kB[22m
[2m../../../../var/folders/qk/232mkc996h7dqffm4sm_zytm0000gn/T/chromatic--61463-JXDNOWtNValu/[22m[2massets/[22m[36mIcon.stories-DQ_Dojsd.js                         [39m[1m[2m 10.64 kB[22m[1m[22m[2m │ gzip:   1.72 kB[22m
[2m../../../../var/folders/qk/232mkc996h7dqffm4sm_zytm0000gn/T/chromatic--61463-JXDNOWtNValu/[22m[2massets/[22m[36mTodayMeetingCard.stories-CBj4IOvW.js             [39m[1m[2m 11.58 kB[22m[1m[22m[2m │ gzip:   3.48 kB[22m
[2m../../../../var/folders/qk/232mkc996h7dqffm4sm_zytm0000gn/T/chromatic--61463-JXDNOWtNValu/[22m[2massets/[22m[36mSwitch.stories-BUEWhair.js                       [39m[1m[2m 12.29 kB[22m[1m[22m[2m │ gzip:   2.80 kB[22m
[2m../../../../var/folders/qk/232mkc996h7dqffm4sm_zytm0000gn/T/chromatic--61463-JXDNOWtNValu/[22m[2massets/[22m[36mToggleGroup.stories-C1XdmyCN.js                  [39m[1m[2m 13.33 kB[22m[1m[22m[2m │ gzip:   3.30 kB[22m
[2m../../../../var/folders/qk/232mkc996h7dqffm4sm_zytm0000gn/T/chromatic--61463-JXDNOWtNValu/[22m[2massets/[22m[36mCircleNode.stories-DR79r7xy.js                   [39m[1m[2m 14.02 kB[22m[1m[22m[2m │ gzip:   2.87 kB[22m
[2m../../../../var/folders/qk/232mkc996h7dqffm4sm_zytm0000gn/T/chromatic--61463-JXDNOWtNValu/[22m[2massets/[22m[36mPinInput-CS79TN1Y.js                             [39m[1m[2m 14.55 kB[22m[1m[22m[2m │ gzip:   5.41 kB[22m
[2m../../../../var/folders/qk/232mkc996h7dqffm4sm_zytm0000gn/T/chromatic--61463-JXDNOWtNValu/[22m[2massets/[22m[36mMeetingCard.stories-DvAIC_38.js                  [39m[1m[2m 14.88 kB[22m[1m[22m[2m │ gzip:   4.52 kB[22m
[2m../../../../var/folders/qk/232mkc996h7dqffm4sm_zytm0000gn/T/chromatic--61463-JXDNOWtNValu/[22m[2massets/[22m[36mCheckbox.stories-BMWpT6yh.js                     [39m[1m[2m 15.53 kB[22m[1m[22m[2m │ gzip:   3.71 kB[22m
[2m../../../../var/folders/qk/232mkc996h7dqffm4sm_zytm0000gn/T/chromatic--61463-JXDNOWtNValu/[22m[2massets/[22m[36mRadioGroup.stories-B5zlDvGI.js                   [39m[1m[2m 18.03 kB[22m[1m[22m[2m │ gzip:   3.32 kB[22m
[2m../../../../var/folders/qk/232mkc996h7dqffm4sm_zytm0000gn/T/chromatic--61463-JXDNOWtNValu/[22m[2massets/[22m[36mActionItemsList.stories-jzHcBFtM.js              [39m[1m[2m 20.05 kB[22m[1m[22m[2m │ gzip:   6.44 kB[22m
[2m../../../../var/folders/qk/232mkc996h7dqffm4sm_zytm0000gn/T/chromatic--61463-JXDNOWtNValu/[22m[2massets/[22m[36mInboxHeader.stories-CMZyH6Di.js                  [39m[1m[2m 22.36 kB[22m[1m[22m[2m │ gzip:   5.16 kB[22m
[2m../../../../var/folders/qk/232mkc996h7dqffm4sm_zytm0000gn/T/chromatic--61463-JXDNOWtNValu/[22m[2massets/[22m[36mTooltip.stories-CvtP53e2.js                      [39m[1m[2m 22.66 kB[22m[1m[22m[2m │ gzip:   5.74 kB[22m
[2m../../../../var/folders/qk/232mkc996h7dqffm4sm_zytm0000gn/T/chromatic--61463-JXDNOWtNValu/[22m[2massets/[22m[36mSlider.stories-BY4khQAr.js                       [39m[1m[2m 26.07 kB[22m[1m[22m[2m │ gzip:   6.47 kB[22m
[2m../../../../var/folders/qk/232mkc996h7dqffm4sm_zytm0000gn/T/chromatic--61463-JXDNOWtNValu/[22m[36mvite-inject-mocker-entry.js                             [39m[1m[2m 28.30 kB[22m[1m[22m[2m │ gzip:   9.78 kB[22m
[2m../../../../var/folders/qk/232mkc996h7dqffm4sm_zytm0000gn/T/chromatic--61463-JXDNOWtNValu/[22m[2massets/[22m[36mAttendeeSelector.stories-x_A2oxVX.js             [39m[1m[2m 30.13 kB[22m[1m[22m[2m │ gzip:   8.90 kB[22m
[2m../../../../var/folders/qk/232mkc996h7dqffm4sm_zytm0000gn/T/chromatic--61463-JXDNOWtNValu/[22m[2massets/[22m[36mColor-64QXVMR3-DKM1eQyJ.js                       [39m[1m[2m 31.59 kB[22m[1m[22m[2m │ gzip:  11.79 kB[22m
[2m../../../../var/folders/qk/232mkc996h7dqffm4sm_zytm0000gn/T/chromatic--61463-JXDNOWtNValu/[22m[2massets/[22m[36mScrollArea.stories-C0ZnHtHy.js                   [39m[1m[2m 35.42 kB[22m[1m[22m[2m │ gzip:   8.38 kB[22m
[2m../../../../var/folders/qk/232mkc996h7dqffm4sm_zytm0000gn/T/chromatic--61463-JXDNOWtNValu/[22m[2massets/[22m[36mis-using-keyboard.svelte-Cofw4wi8.js             [39m[1m[2m 35.91 kB[22m[1m[22m[2m │ gzip:  11.41 kB[22m
[2m../../../../var/folders/qk/232mkc996h7dqffm4sm_zytm0000gn/T/chromatic--61463-JXDNOWtNValu/[22m[2massets/[22m[36mpopper-layer-force-mount-Bna8Ghmx.js             [39m[1m[2m 39.86 kB[22m[1m[22m[2m │ gzip:  12.61 kB[22m
[2m../../../../var/folders/qk/232mkc996h7dqffm4sm_zytm0000gn/T/chromatic--61463-JXDNOWtNValu/[22m[2massets/[22m[36mFormInput-DZ65pOMx.js                            [39m[1m[2m 58.03 kB[22m[1m[22m[2m │ gzip:   5.73 kB[22m
[2m../../../../var/folders/qk/232mkc996h7dqffm4sm_zytm0000gn/T/chromatic--61463-JXDNOWtNValu/[22m[2massets/[22m[36mTokenReference-uI9Bzmyu.js                       [39m[1m[2m 68.54 kB[22m[1m[22m[2m │ gzip:  10.69 kB[22m
[2m../../../../var/folders/qk/232mkc996h7dqffm4sm_zytm0000gn/T/chromatic--61463-JXDNOWtNValu/[22m[2massets/[22m[36msyntaxhighlighter-CAVLW7PM-CDIfKqsE.js           [39m[1m[2m 80.78 kB[22m[1m[22m[2m │ gzip:  28.17 kB[22m
[2m../../../../var/folders/qk/232mkc996h7dqffm4sm_zytm0000gn/T/chromatic--61463-JXDNOWtNValu/[22m[2massets/[22m[36mDocsRenderer-HT7GNKAR-Cdrh4Xlk.js                [39m[1m[2m182.65 kB[22m[1m[22m[2m │ gzip:  57.65 kB[22m
[2m../../../../var/folders/qk/232mkc996h7dqffm4sm_zytm0000gn/T/chromatic--61463-JXDNOWtNValu/[22m[2massets/[22m[36mWithTooltip-SK46ZJ2J-DGT6Fy8d.js                 [39m[1m[33m663.20 kB[39m[22m[2m │ gzip: 215.74 kB[22m
[2m../../../../var/folders/qk/232mkc996h7dqffm4sm_zytm0000gn/T/chromatic--61463-JXDNOWtNValu/[22m[2massets/[22m[36miframe-qWewNLkN.js                               [39m[1m[33m933.60 kB[39m[22m[2m │ gzip: 265.83 kB[22m
[32m✓ built in 11.29s[39m
info => Output directory: /var/folders/qk/232mkc996h7dqffm4sm_zytm0000gn/T/chromatic--61463-JXDNOWtNValu
