0 verbose cli /opt/homebrew/Cellar/node/24.10.0/bin/node /opt/homebrew/lib/node_modules/npm/bin/npm-cli.js
1 info using npm@11.6.0
2 info using node@v24.10.0
3 silly config load:file:/opt/homebrew/lib/node_modules/npm/npmrc
4 silly config load:file:/Users/randyhereman/Coding/SynergyOS/.npmrc
5 silly config load:file:/Users/randyhereman/.npmrc
6 silly config load:file:/opt/homebrew/etc/npmrc
7 verbose title npm exec tsx scripts/invariants-report.ts
8 verbose argv "exec" "--" "tsx" "scripts/invariants-report.ts"
9 verbose logfile logs-max:10 dir:/Users/randyhereman/Coding/SynergyOS/.npm-cache/_logs/2025-12-12T07_11_11_582Z-
10 verbose logfile /Users/randyhereman/Coding/SynergyOS/.npm-cache/_logs/2025-12-12T07_11_11_582Z-debug-0.log
11 silly logfile done cleaning log files
12 silly packumentCache heap:4496293888 maxSize:1124073472 maxEntrySize:562036736
13 verbose shrinkwrap failed to load node_modules/.package-lock.json out of date, updated: node_modules
14 http fetch GET 200 https://registry.npmjs.org/tsx 709ms (cache revalidated)
15 silly packumentCache heap:4496293888 maxSize:1124073472 maxEntrySize:562036736
16 silly packumentCache heap:4496293888 maxSize:1124073472 maxEntrySize:562036736
17 verbose cwd /Users/randyhereman/Coding/SynergyOS
18 verbose os Darwin 25.0.0
19 verbose node v24.10.0
20 verbose npm  v11.6.0
21 verbose exit 0
22 info ok
