0 verbose cli /opt/homebrew/Cellar/node/24.10.0/bin/node /opt/homebrew/lib/node_modules/npm/bin/npm-cli.js
0 verbose cli /opt/homebrew/Cellar/node/24.10.0/bin/node /opt/homebrew/lib/node_modules/npm/bin/npm-cli.js
1 info using npm@11.6.0
2 info using node@v24.10.0
3 silly config load:file:/opt/homebrew/lib/node_modules/npm/npmrc
1 info using npm@11.6.0
4 silly config load:file:/Users/randyhereman/Coding/SynergyOS/.npmrc
5 silly config load:file:/Users/randyhereman/.npmrc
6 silly config load:file:/opt/homebrew/etc/npmrc
2 info using node@v24.10.0
3 silly config load:file:/opt/homebrew/lib/node_modules/npm/npmrc
7 verbose title npm exec tsx scripts/invariants-report.ts
4 silly config load:file:/Users/randyhereman/Coding/SynergyOS/.npmrc
5 silly config load:file:/Users/randyhereman/.npmrc
8 verbose argv "exec" "--" "tsx" "scripts/invariants-report.ts"
6 silly config load:file:/opt/homebrew/etc/npmrc
9 verbose logfile logs-max:10 dir:/Users/randyhereman/Coding/SynergyOS/.npm-cache/_logs/2025-12-11T21_51_19_297Z-
7 verbose title npm exec convex run admin/invariants:runAll {"severityFilter":"critical"}
10 verbose logfile /Users/randyhereman/Coding/SynergyOS/.npm-cache/_logs/2025-12-11T21_51_19_297Z-debug-0.log
8 verbose argv "exec" "--" "convex" "run" "admin/invariants:runAll" "{\"severityFilter\":\"critical\"}"
9 verbose logfile logs-max:10 dir:/Users/randyhereman/Coding/SynergyOS/.npm-cache/_logs/2025-12-11T21_51_19_297Z-
10 verbose logfile /Users/randyhereman/Coding/SynergyOS/.npm-cache/_logs/2025-12-11T21_51_19_297Z-debug-0.log
11 silly logfile done cleaning log files
11 silly logfile done cleaning log files
12 silly packumentCache heap:4496293888 maxSize:1124073472 maxEntrySize:562036736
13 verbose shrinkwrap failed to load node_modules/.package-lock.json out of date, updated: node_modules
14 http fetch GET 200 https://registry.npmjs.org/tsx 593ms (cache miss)
15 silly packumentCache heap:4496293888 maxSize:1124073472 maxEntrySize:562036736
16 silly packumentCache heap:4496293888 maxSize:1124073472 maxEntrySize:562036736
17 warn exec The following package was not found and will be installed: tsx@4.21.0
18 silly idealTree buildDeps
19 silly fetch manifest tsx@4.21.0
20 silly packumentCache full:https://registry.npmjs.org/tsx cache-miss
21 http fetch GET 200 https://registry.npmjs.org/tsx 313ms (cache miss)
22 silly packumentCache full:https://registry.npmjs.org/tsx set size:undefined disposed:false
23 silly placeDep ROOT tsx@4.21.0 OK for:  want: 4.21.0
24 silly fetch manifest esbuild@~0.27.0
25 silly packumentCache full:https://registry.npmjs.org/esbuild cache-miss
26 silly fetch manifest get-tsconfig@^4.7.5
27 silly packumentCache full:https://registry.npmjs.org/get-tsconfig cache-miss
28 silly fetch manifest fsevents@~2.3.3
29 silly packumentCache full:https://registry.npmjs.org/fsevents cache-miss
30 http fetch GET 200 https://registry.npmjs.org/esbuild 344ms (cache miss)
31 silly packumentCache full:https://registry.npmjs.org/esbuild set size:undefined disposed:false
32 http fetch GET 200 https://registry.npmjs.org/get-tsconfig 530ms (cache miss)
33 silly packumentCache full:https://registry.npmjs.org/get-tsconfig set size:undefined disposed:false
34 http fetch GET 200 https://registry.npmjs.org/fsevents 531ms (cache miss)
35 silly packumentCache full:https://registry.npmjs.org/fsevents set size:undefined disposed:false
36 silly placeDep ROOT esbuild@0.27.1 OK for: tsx@4.21.0 want: ~0.27.0
37 silly placeDep ROOT fsevents@2.3.3 OK for: tsx@4.21.0 want: ~2.3.3
38 silly placeDep ROOT get-tsconfig@4.13.0 OK for: tsx@4.21.0 want: ^4.7.5
39 silly fetch manifest @esbuild/aix-ppc64@0.27.1
40 silly packumentCache full:https://registry.npmjs.org/@esbuild%2faix-ppc64 cache-miss
41 silly fetch manifest @esbuild/android-arm@0.27.1
42 silly packumentCache full:https://registry.npmjs.org/@esbuild%2fandroid-arm cache-miss
43 silly fetch manifest @esbuild/android-arm64@0.27.1
44 silly packumentCache full:https://registry.npmjs.org/@esbuild%2fandroid-arm64 cache-miss
45 silly fetch manifest @esbuild/android-x64@0.27.1
46 silly packumentCache full:https://registry.npmjs.org/@esbuild%2fandroid-x64 cache-miss
47 silly fetch manifest @esbuild/darwin-arm64@0.27.1
48 silly packumentCache full:https://registry.npmjs.org/@esbuild%2fdarwin-arm64 cache-miss
49 silly fetch manifest @esbuild/darwin-x64@0.27.1
50 silly packumentCache full:https://registry.npmjs.org/@esbuild%2fdarwin-x64 cache-miss
51 silly fetch manifest @esbuild/freebsd-arm64@0.27.1
52 silly packumentCache full:https://registry.npmjs.org/@esbuild%2ffreebsd-arm64 cache-miss
53 silly fetch manifest @esbuild/freebsd-x64@0.27.1
54 silly packumentCache full:https://registry.npmjs.org/@esbuild%2ffreebsd-x64 cache-miss
55 silly fetch manifest @esbuild/linux-arm@0.27.1
56 silly packumentCache full:https://registry.npmjs.org/@esbuild%2flinux-arm cache-miss
57 silly fetch manifest @esbuild/linux-arm64@0.27.1
58 silly packumentCache full:https://registry.npmjs.org/@esbuild%2flinux-arm64 cache-miss
59 silly fetch manifest @esbuild/linux-ia32@0.27.1
60 silly packumentCache full:https://registry.npmjs.org/@esbuild%2flinux-ia32 cache-miss
61 silly fetch manifest @esbuild/linux-loong64@0.27.1
62 silly packumentCache full:https://registry.npmjs.org/@esbuild%2flinux-loong64 cache-miss
63 silly fetch manifest @esbuild/linux-mips64el@0.27.1
64 silly packumentCache full:https://registry.npmjs.org/@esbuild%2flinux-mips64el cache-miss
65 http fetch GET 200 https://registry.npmjs.org/@esbuild%2fandroid-arm 72ms (cache miss)
66 silly packumentCache full:https://registry.npmjs.org/@esbuild%2fandroid-arm set size:undefined disposed:false
67 silly fetch manifest @esbuild/linux-ppc64@0.27.1
68 silly packumentCache full:https://registry.npmjs.org/@esbuild%2flinux-ppc64 cache-miss
69 http fetch GET 200 https://registry.npmjs.org/@esbuild%2fandroid-arm64 81ms (cache miss)
70 silly packumentCache full:https://registry.npmjs.org/@esbuild%2fandroid-arm64 set size:undefined disposed:false
71 silly fetch manifest @esbuild/linux-riscv64@0.27.1
72 silly packumentCache full:https://registry.npmjs.org/@esbuild%2flinux-riscv64 cache-miss
73 http fetch GET 200 https://registry.npmjs.org/@esbuild%2faix-ppc64 83ms (cache miss)
74 silly packumentCache full:https://registry.npmjs.org/@esbuild%2faix-ppc64 set size:undefined disposed:false
75 silly fetch manifest @esbuild/linux-s390x@0.27.1
76 silly packumentCache full:https://registry.npmjs.org/@esbuild%2flinux-s390x cache-miss
77 http fetch GET 200 https://registry.npmjs.org/@esbuild%2flinux-ppc64 76ms (cache miss)
78 silly packumentCache full:https://registry.npmjs.org/@esbuild%2flinux-ppc64 set size:undefined disposed:false
79 silly fetch manifest @esbuild/linux-x64@0.27.1
80 silly packumentCache full:https://registry.npmjs.org/@esbuild%2flinux-x64 cache-miss
81 http fetch GET 200 https://registry.npmjs.org/@esbuild%2flinux-riscv64 76ms (cache miss)
82 silly packumentCache full:https://registry.npmjs.org/@esbuild%2flinux-riscv64 set size:undefined disposed:false
83 silly fetch manifest @esbuild/netbsd-arm64@0.27.1
84 silly packumentCache full:https://registry.npmjs.org/@esbuild%2fnetbsd-arm64 cache-miss
85 http fetch GET 200 https://registry.npmjs.org/@esbuild%2flinux-mips64el 174ms (cache miss)
86 silly packumentCache full:https://registry.npmjs.org/@esbuild%2flinux-mips64el set size:undefined disposed:false
87 silly fetch manifest @esbuild/netbsd-x64@0.27.1
88 silly packumentCache full:https://registry.npmjs.org/@esbuild%2fnetbsd-x64 cache-miss
89 http fetch GET 200 https://registry.npmjs.org/@esbuild%2flinux-arm 184ms (cache miss)
90 silly packumentCache full:https://registry.npmjs.org/@esbuild%2flinux-arm set size:undefined disposed:false
91 silly fetch manifest @esbuild/openbsd-arm64@0.27.1
92 silly packumentCache full:https://registry.npmjs.org/@esbuild%2fopenbsd-arm64 cache-miss
93 http fetch GET 200 https://registry.npmjs.org/@esbuild%2ffreebsd-x64 190ms (cache miss)
94 silly packumentCache full:https://registry.npmjs.org/@esbuild%2ffreebsd-x64 set size:undefined disposed:false
95 silly fetch manifest @esbuild/openbsd-x64@0.27.1
96 silly packumentCache full:https://registry.npmjs.org/@esbuild%2fopenbsd-x64 cache-miss
97 http fetch GET 200 https://registry.npmjs.org/@esbuild%2flinux-s390x 114ms (cache miss)
98 silly packumentCache full:https://registry.npmjs.org/@esbuild%2flinux-s390x set size:undefined disposed:false
99 silly fetch manifest @esbuild/openharmony-arm64@0.27.1
100 silly packumentCache full:https://registry.npmjs.org/@esbuild%2fopenharmony-arm64 cache-miss
101 http fetch GET 200 https://registry.npmjs.org/@esbuild%2flinux-arm64 210ms (cache miss)
102 silly packumentCache full:https://registry.npmjs.org/@esbuild%2flinux-arm64 set size:undefined disposed:false
103 silly fetch manifest @esbuild/sunos-x64@0.27.1
104 silly packumentCache full:https://registry.npmjs.org/@esbuild%2fsunos-x64 cache-miss
105 http fetch GET 200 https://registry.npmjs.org/@esbuild%2ffreebsd-arm64 211ms (cache miss)
106 silly packumentCache full:https://registry.npmjs.org/@esbuild%2ffreebsd-arm64 set size:undefined disposed:false
107 silly fetch manifest @esbuild/win32-arm64@0.27.1
108 silly packumentCache full:https://registry.npmjs.org/@esbuild%2fwin32-arm64 cache-miss
109 http fetch GET 200 https://registry.npmjs.org/@esbuild%2fdarwin-arm64 212ms (cache miss)
110 silly packumentCache full:https://registry.npmjs.org/@esbuild%2fdarwin-arm64 set size:undefined disposed:false
111 silly fetch manifest @esbuild/win32-ia32@0.27.1
112 silly packumentCache full:https://registry.npmjs.org/@esbuild%2fwin32-ia32 cache-miss
113 http fetch GET 200 https://registry.npmjs.org/@esbuild%2fandroid-x64 214ms (cache miss)
114 silly packumentCache full:https://registry.npmjs.org/@esbuild%2fandroid-x64 set size:undefined disposed:false
115 silly fetch manifest @esbuild/win32-x64@0.27.1
116 silly packumentCache full:https://registry.npmjs.org/@esbuild%2fwin32-x64 cache-miss
117 http fetch GET 200 https://registry.npmjs.org/@esbuild%2flinux-ia32 219ms (cache miss)
118 silly packumentCache full:https://registry.npmjs.org/@esbuild%2flinux-ia32 set size:undefined disposed:false
119 silly fetch manifest resolve-pkg-maps@^1.0.0
120 silly packumentCache full:https://registry.npmjs.org/resolve-pkg-maps cache-miss
121 http fetch GET 200 https://registry.npmjs.org/@esbuild%2fdarwin-x64 222ms (cache miss)
122 silly packumentCache full:https://registry.npmjs.org/@esbuild%2fdarwin-x64 set size:undefined disposed:false
123 http fetch GET 200 https://registry.npmjs.org/@esbuild%2flinux-x64 77ms (cache miss)
124 silly packumentCache full:https://registry.npmjs.org/@esbuild%2flinux-x64 set size:undefined disposed:false
125 http fetch GET 200 https://registry.npmjs.org/@esbuild%2fnetbsd-arm64 69ms (cache miss)
126 silly packumentCache full:https://registry.npmjs.org/@esbuild%2fnetbsd-arm64 set size:undefined disposed:false
127 http fetch GET 200 https://registry.npmjs.org/@esbuild%2flinux-loong64 234ms (cache miss)
128 silly packumentCache full:https://registry.npmjs.org/@esbuild%2flinux-loong64 set size:undefined disposed:false
129 http fetch GET 200 https://registry.npmjs.org/@esbuild%2fnetbsd-x64 72ms (cache miss)
130 silly packumentCache full:https://registry.npmjs.org/@esbuild%2fnetbsd-x64 set size:undefined disposed:false
131 http fetch GET 200 https://registry.npmjs.org/@esbuild%2fopenbsd-arm64 70ms (cache miss)
132 silly packumentCache full:https://registry.npmjs.org/@esbuild%2fopenbsd-arm64 set size:undefined disposed:false
133 http fetch GET 200 https://registry.npmjs.org/resolve-pkg-maps 64ms (cache miss)
134 silly packumentCache full:https://registry.npmjs.org/resolve-pkg-maps set size:undefined disposed:false
135 http fetch GET 200 https://registry.npmjs.org/@esbuild%2fsunos-x64 81ms (cache miss)
136 silly packumentCache full:https://registry.npmjs.org/@esbuild%2fsunos-x64 set size:undefined disposed:false
137 http fetch GET 200 https://registry.npmjs.org/@esbuild%2fwin32-ia32 79ms (cache miss)
138 silly packumentCache full:https://registry.npmjs.org/@esbuild%2fwin32-ia32 set size:undefined disposed:false
139 http fetch GET 200 https://registry.npmjs.org/@esbuild%2fopenharmony-arm64 96ms (cache miss)
140 silly packumentCache full:https://registry.npmjs.org/@esbuild%2fopenharmony-arm64 set size:undefined disposed:false
141 http fetch GET 200 https://registry.npmjs.org/@esbuild%2fwin32-arm64 81ms (cache miss)
142 silly packumentCache full:https://registry.npmjs.org/@esbuild%2fwin32-arm64 set size:undefined disposed:false
143 http fetch GET 200 https://registry.npmjs.org/@esbuild%2fwin32-x64 80ms (cache miss)
144 silly packumentCache full:https://registry.npmjs.org/@esbuild%2fwin32-x64 set size:undefined disposed:false
145 http fetch GET 200 https://registry.npmjs.org/@esbuild%2fopenbsd-x64 156ms (cache miss)
146 silly packumentCache full:https://registry.npmjs.org/@esbuild%2fopenbsd-x64 set size:undefined disposed:false
147 silly placeDep ROOT @esbuild/aix-ppc64@0.27.1 OK for: esbuild@0.27.1 want: 0.27.1
148 silly placeDep ROOT @esbuild/android-arm@0.27.1 OK for: esbuild@0.27.1 want: 0.27.1
149 silly placeDep ROOT @esbuild/android-arm64@0.27.1 OK for: esbuild@0.27.1 want: 0.27.1
150 silly placeDep ROOT @esbuild/android-x64@0.27.1 OK for: esbuild@0.27.1 want: 0.27.1
151 silly placeDep ROOT @esbuild/darwin-arm64@0.27.1 OK for: esbuild@0.27.1 want: 0.27.1
152 silly placeDep ROOT @esbuild/darwin-x64@0.27.1 OK for: esbuild@0.27.1 want: 0.27.1
153 silly placeDep ROOT @esbuild/freebsd-arm64@0.27.1 OK for: esbuild@0.27.1 want: 0.27.1
154 silly placeDep ROOT @esbuild/freebsd-x64@0.27.1 OK for: esbuild@0.27.1 want: 0.27.1
155 silly placeDep ROOT @esbuild/linux-arm@0.27.1 OK for: esbuild@0.27.1 want: 0.27.1
156 silly placeDep ROOT @esbuild/linux-arm64@0.27.1 OK for: esbuild@0.27.1 want: 0.27.1
157 silly placeDep ROOT @esbuild/linux-ia32@0.27.1 OK for: esbuild@0.27.1 want: 0.27.1
158 silly placeDep ROOT @esbuild/linux-loong64@0.27.1 OK for: esbuild@0.27.1 want: 0.27.1
159 silly placeDep ROOT @esbuild/linux-mips64el@0.27.1 OK for: esbuild@0.27.1 want: 0.27.1
160 silly placeDep ROOT @esbuild/linux-ppc64@0.27.1 OK for: esbuild@0.27.1 want: 0.27.1
161 silly placeDep ROOT @esbuild/linux-riscv64@0.27.1 OK for: esbuild@0.27.1 want: 0.27.1
162 silly placeDep ROOT @esbuild/linux-s390x@0.27.1 OK for: esbuild@0.27.1 want: 0.27.1
163 silly placeDep ROOT @esbuild/linux-x64@0.27.1 OK for: esbuild@0.27.1 want: 0.27.1
164 silly placeDep ROOT @esbuild/netbsd-arm64@0.27.1 OK for: esbuild@0.27.1 want: 0.27.1
165 silly placeDep ROOT @esbuild/netbsd-x64@0.27.1 OK for: esbuild@0.27.1 want: 0.27.1
166 silly placeDep ROOT @esbuild/openbsd-arm64@0.27.1 OK for: esbuild@0.27.1 want: 0.27.1
167 silly placeDep ROOT @esbuild/openbsd-x64@0.27.1 OK for: esbuild@0.27.1 want: 0.27.1
168 silly placeDep ROOT @esbuild/openharmony-arm64@0.27.1 OK for: esbuild@0.27.1 want: 0.27.1
169 silly placeDep ROOT @esbuild/sunos-x64@0.27.1 OK for: esbuild@0.27.1 want: 0.27.1
170 silly placeDep ROOT @esbuild/win32-arm64@0.27.1 OK for: esbuild@0.27.1 want: 0.27.1
171 silly placeDep ROOT @esbuild/win32-ia32@0.27.1 OK for: esbuild@0.27.1 want: 0.27.1
172 silly placeDep ROOT @esbuild/win32-x64@0.27.1 OK for: esbuild@0.27.1 want: 0.27.1
173 silly placeDep ROOT resolve-pkg-maps@1.0.0 OK for: get-tsconfig@4.13.0 want: ^1.0.0
174 silly reify moves {}
175 silly audit bulk request {
175 silly audit   tsx: [ '4.21.0' ],
175 silly audit   esbuild: [ '0.27.1' ],
175 silly audit   fsevents: [ '2.3.3' ],
175 silly audit   'get-tsconfig': [ '4.13.0' ],
175 silly audit   '@esbuild/aix-ppc64': [ '0.27.1' ],
175 silly audit   '@esbuild/android-arm': [ '0.27.1' ],
175 silly audit   '@esbuild/android-arm64': [ '0.27.1' ],
175 silly audit   '@esbuild/android-x64': [ '0.27.1' ],
175 silly audit   '@esbuild/darwin-arm64': [ '0.27.1' ],
175 silly audit   '@esbuild/darwin-x64': [ '0.27.1' ],
175 silly audit   '@esbuild/freebsd-arm64': [ '0.27.1' ],
175 silly audit   '@esbuild/freebsd-x64': [ '0.27.1' ],
175 silly audit   '@esbuild/linux-arm': [ '0.27.1' ],
175 silly audit   '@esbuild/linux-arm64': [ '0.27.1' ],
175 silly audit   '@esbuild/linux-ia32': [ '0.27.1' ],
175 silly audit   '@esbuild/linux-loong64': [ '0.27.1' ],
175 silly audit   '@esbuild/linux-mips64el': [ '0.27.1' ],
175 silly audit   '@esbuild/linux-ppc64': [ '0.27.1' ],
175 silly audit   '@esbuild/linux-riscv64': [ '0.27.1' ],
175 silly audit   '@esbuild/linux-s390x': [ '0.27.1' ],
175 silly audit   '@esbuild/linux-x64': [ '0.27.1' ],
175 silly audit   '@esbuild/netbsd-arm64': [ '0.27.1' ],
175 silly audit   '@esbuild/netbsd-x64': [ '0.27.1' ],
175 silly audit   '@esbuild/openbsd-arm64': [ '0.27.1' ],
175 silly audit   '@esbuild/openbsd-x64': [ '0.27.1' ],
175 silly audit   '@esbuild/openharmony-arm64': [ '0.27.1' ],
175 silly audit   '@esbuild/sunos-x64': [ '0.27.1' ],
175 silly audit   '@esbuild/win32-arm64': [ '0.27.1' ],
175 silly audit   '@esbuild/win32-ia32': [ '0.27.1' ],
175 silly audit   '@esbuild/win32-x64': [ '0.27.1' ],
175 silly audit   'resolve-pkg-maps': [ '1.0.0' ]
175 silly audit }
176 verbose reify failed optional dependency /Users/randyhereman/Coding/SynergyOS/.npm-cache/_npx/fd45a72a545557e9/node_modules/@esbuild/win32-x64
177 silly reify mark deleted [
177 silly reify   '/Users/randyhereman/Coding/SynergyOS/.npm-cache/_npx/fd45a72a545557e9/node_modules/@esbuild/win32-x64'
177 silly reify ]
178 verbose reify failed optional dependency /Users/randyhereman/Coding/SynergyOS/.npm-cache/_npx/fd45a72a545557e9/node_modules/@esbuild/win32-ia32
179 silly reify mark deleted [
179 silly reify   '/Users/randyhereman/Coding/SynergyOS/.npm-cache/_npx/fd45a72a545557e9/node_modules/@esbuild/win32-ia32'
179 silly reify ]
180 verbose reify failed optional dependency /Users/randyhereman/Coding/SynergyOS/.npm-cache/_npx/fd45a72a545557e9/node_modules/@esbuild/win32-arm64
181 silly reify mark deleted [
181 silly reify   '/Users/randyhereman/Coding/SynergyOS/.npm-cache/_npx/fd45a72a545557e9/node_modules/@esbuild/win32-arm64'
181 silly reify ]
182 verbose reify failed optional dependency /Users/randyhereman/Coding/SynergyOS/.npm-cache/_npx/fd45a72a545557e9/node_modules/@esbuild/sunos-x64
183 silly reify mark deleted [
183 silly reify   '/Users/randyhereman/Coding/SynergyOS/.npm-cache/_npx/fd45a72a545557e9/node_modules/@esbuild/sunos-x64'
183 silly reify ]
184 verbose reify failed optional dependency /Users/randyhereman/Coding/SynergyOS/.npm-cache/_npx/fd45a72a545557e9/node_modules/@esbuild/openharmony-arm64
185 silly reify mark deleted [
185 silly reify   '/Users/randyhereman/Coding/SynergyOS/.npm-cache/_npx/fd45a72a545557e9/node_modules/@esbuild/openharmony-arm64'
185 silly reify ]
186 verbose reify failed optional dependency /Users/randyhereman/Coding/SynergyOS/.npm-cache/_npx/fd45a72a545557e9/node_modules/@esbuild/openbsd-x64
187 silly reify mark deleted [
187 silly reify   '/Users/randyhereman/Coding/SynergyOS/.npm-cache/_npx/fd45a72a545557e9/node_modules/@esbuild/openbsd-x64'
187 silly reify ]
188 verbose reify failed optional dependency /Users/randyhereman/Coding/SynergyOS/.npm-cache/_npx/fd45a72a545557e9/node_modules/@esbuild/openbsd-arm64
189 silly reify mark deleted [
189 silly reify   '/Users/randyhereman/Coding/SynergyOS/.npm-cache/_npx/fd45a72a545557e9/node_modules/@esbuild/openbsd-arm64'
189 silly reify ]
190 verbose reify failed optional dependency /Users/randyhereman/Coding/SynergyOS/.npm-cache/_npx/fd45a72a545557e9/node_modules/@esbuild/netbsd-x64
191 silly reify mark deleted [
191 silly reify   '/Users/randyhereman/Coding/SynergyOS/.npm-cache/_npx/fd45a72a545557e9/node_modules/@esbuild/netbsd-x64'
191 silly reify ]
192 verbose reify failed optional dependency /Users/randyhereman/Coding/SynergyOS/.npm-cache/_npx/fd45a72a545557e9/node_modules/@esbuild/netbsd-arm64
193 silly reify mark deleted [
193 silly reify   '/Users/randyhereman/Coding/SynergyOS/.npm-cache/_npx/fd45a72a545557e9/node_modules/@esbuild/netbsd-arm64'
193 silly reify ]
194 verbose reify failed optional dependency /Users/randyhereman/Coding/SynergyOS/.npm-cache/_npx/fd45a72a545557e9/node_modules/@esbuild/linux-x64
195 silly reify mark deleted [
195 silly reify   '/Users/randyhereman/Coding/SynergyOS/.npm-cache/_npx/fd45a72a545557e9/node_modules/@esbuild/linux-x64'
195 silly reify ]
196 verbose reify failed optional dependency /Users/randyhereman/Coding/SynergyOS/.npm-cache/_npx/fd45a72a545557e9/node_modules/@esbuild/linux-s390x
197 silly reify mark deleted [
197 silly reify   '/Users/randyhereman/Coding/SynergyOS/.npm-cache/_npx/fd45a72a545557e9/node_modules/@esbuild/linux-s390x'
197 silly reify ]
198 verbose reify failed optional dependency /Users/randyhereman/Coding/SynergyOS/.npm-cache/_npx/fd45a72a545557e9/node_modules/@esbuild/linux-riscv64
199 silly reify mark deleted [
199 silly reify   '/Users/randyhereman/Coding/SynergyOS/.npm-cache/_npx/fd45a72a545557e9/node_modules/@esbuild/linux-riscv64'
199 silly reify ]
200 verbose reify failed optional dependency /Users/randyhereman/Coding/SynergyOS/.npm-cache/_npx/fd45a72a545557e9/node_modules/@esbuild/linux-ppc64
201 silly reify mark deleted [
201 silly reify   '/Users/randyhereman/Coding/SynergyOS/.npm-cache/_npx/fd45a72a545557e9/node_modules/@esbuild/linux-ppc64'
201 silly reify ]
202 verbose reify failed optional dependency /Users/randyhereman/Coding/SynergyOS/.npm-cache/_npx/fd45a72a545557e9/node_modules/@esbuild/linux-mips64el
203 silly reify mark deleted [
203 silly reify   '/Users/randyhereman/Coding/SynergyOS/.npm-cache/_npx/fd45a72a545557e9/node_modules/@esbuild/linux-mips64el'
203 silly reify ]
204 verbose reify failed optional dependency /Users/randyhereman/Coding/SynergyOS/.npm-cache/_npx/fd45a72a545557e9/node_modules/@esbuild/linux-loong64
205 silly reify mark deleted [
205 silly reify   '/Users/randyhereman/Coding/SynergyOS/.npm-cache/_npx/fd45a72a545557e9/node_modules/@esbuild/linux-loong64'
205 silly reify ]
206 verbose reify failed optional dependency /Users/randyhereman/Coding/SynergyOS/.npm-cache/_npx/fd45a72a545557e9/node_modules/@esbuild/linux-ia32
207 silly reify mark deleted [
207 silly reify   '/Users/randyhereman/Coding/SynergyOS/.npm-cache/_npx/fd45a72a545557e9/node_modules/@esbuild/linux-ia32'
207 silly reify ]
208 verbose reify failed optional dependency /Users/randyhereman/Coding/SynergyOS/.npm-cache/_npx/fd45a72a545557e9/node_modules/@esbuild/linux-arm64
209 silly reify mark deleted [
209 silly reify   '/Users/randyhereman/Coding/SynergyOS/.npm-cache/_npx/fd45a72a545557e9/node_modules/@esbuild/linux-arm64'
209 silly reify ]
210 verbose reify failed optional dependency /Users/randyhereman/Coding/SynergyOS/.npm-cache/_npx/fd45a72a545557e9/node_modules/@esbuild/linux-arm
211 silly reify mark deleted [
211 silly reify   '/Users/randyhereman/Coding/SynergyOS/.npm-cache/_npx/fd45a72a545557e9/node_modules/@esbuild/linux-arm'
211 silly reify ]
212 verbose reify failed optional dependency /Users/randyhereman/Coding/SynergyOS/.npm-cache/_npx/fd45a72a545557e9/node_modules/@esbuild/freebsd-x64
213 silly reify mark deleted [
213 silly reify   '/Users/randyhereman/Coding/SynergyOS/.npm-cache/_npx/fd45a72a545557e9/node_modules/@esbuild/freebsd-x64'
213 silly reify ]
214 verbose reify failed optional dependency /Users/randyhereman/Coding/SynergyOS/.npm-cache/_npx/fd45a72a545557e9/node_modules/@esbuild/freebsd-arm64
215 silly reify mark deleted [
215 silly reify   '/Users/randyhereman/Coding/SynergyOS/.npm-cache/_npx/fd45a72a545557e9/node_modules/@esbuild/freebsd-arm64'
215 silly reify ]
216 verbose reify failed optional dependency /Users/randyhereman/Coding/SynergyOS/.npm-cache/_npx/fd45a72a545557e9/node_modules/@esbuild/darwin-x64
217 silly reify mark deleted [
217 silly reify   '/Users/randyhereman/Coding/SynergyOS/.npm-cache/_npx/fd45a72a545557e9/node_modules/@esbuild/darwin-x64'
217 silly reify ]
218 verbose reify failed optional dependency /Users/randyhereman/Coding/SynergyOS/.npm-cache/_npx/fd45a72a545557e9/node_modules/@esbuild/android-x64
219 silly reify mark deleted [
219 silly reify   '/Users/randyhereman/Coding/SynergyOS/.npm-cache/_npx/fd45a72a545557e9/node_modules/@esbuild/android-x64'
219 silly reify ]
220 verbose reify failed optional dependency /Users/randyhereman/Coding/SynergyOS/.npm-cache/_npx/fd45a72a545557e9/node_modules/@esbuild/android-arm64
221 silly reify mark deleted [
221 silly reify   '/Users/randyhereman/Coding/SynergyOS/.npm-cache/_npx/fd45a72a545557e9/node_modules/@esbuild/android-arm64'
221 silly reify ]
222 verbose reify failed optional dependency /Users/randyhereman/Coding/SynergyOS/.npm-cache/_npx/fd45a72a545557e9/node_modules/@esbuild/android-arm
223 silly reify mark deleted [
223 silly reify   '/Users/randyhereman/Coding/SynergyOS/.npm-cache/_npx/fd45a72a545557e9/node_modules/@esbuild/android-arm'
223 silly reify ]
224 verbose reify failed optional dependency /Users/randyhereman/Coding/SynergyOS/.npm-cache/_npx/fd45a72a545557e9/node_modules/@esbuild/aix-ppc64
225 silly reify mark deleted [
225 silly reify   '/Users/randyhereman/Coding/SynergyOS/.npm-cache/_npx/fd45a72a545557e9/node_modules/@esbuild/aix-ppc64'
225 silly reify ]
226 http cache resolve-pkg-maps@https://registry.npmjs.org/resolve-pkg-maps/-/resolve-pkg-maps-1.0.0.tgz 0ms (cache hit)
227 http cache @esbuild/darwin-arm64@https://registry.npmjs.org/@esbuild/darwin-arm64/-/darwin-arm64-0.27.1.tgz 0ms (cache hit)
228 http cache get-tsconfig@https://registry.npmjs.org/get-tsconfig/-/get-tsconfig-4.13.0.tgz 0ms (cache hit)
229 http cache tsx@https://registry.npmjs.org/tsx/-/tsx-4.21.0.tgz 0ms (cache hit)
230 http cache esbuild@https://registry.npmjs.org/esbuild/-/esbuild-0.27.1.tgz 0ms (cache hit)
231 silly tarball no local data for resolve-pkg-maps@https://registry.npmjs.org/resolve-pkg-maps/-/resolve-pkg-maps-1.0.0.tgz. Extracting by manifest.
232 silly tarball no local data for @esbuild/darwin-arm64@https://registry.npmjs.org/@esbuild/darwin-arm64/-/darwin-arm64-0.27.1.tgz. Extracting by manifest.
233 silly tarball no local data for get-tsconfig@https://registry.npmjs.org/get-tsconfig/-/get-tsconfig-4.13.0.tgz. Extracting by manifest.
234 silly tarball no local data for tsx@https://registry.npmjs.org/tsx/-/tsx-4.21.0.tgz. Extracting by manifest.
235 silly tarball no local data for esbuild@https://registry.npmjs.org/esbuild/-/esbuild-0.27.1.tgz. Extracting by manifest.
236 http cache fsevents@https://registry.npmjs.org/fsevents/-/fsevents-2.3.3.tgz 0ms (cache hit)
237 silly tarball no local data for fsevents@https://registry.npmjs.org/fsevents/-/fsevents-2.3.3.tgz. Extracting by manifest.
238 http fetch GET 200 https://registry.npmjs.org/resolve-pkg-maps/-/resolve-pkg-maps-1.0.0.tgz 58ms (cache miss)
239 http fetch GET 200 https://registry.npmjs.org/get-tsconfig/-/get-tsconfig-4.13.0.tgz 65ms (cache miss)
240 http fetch GET 200 https://registry.npmjs.org/fsevents/-/fsevents-2.3.3.tgz 67ms (cache miss)
241 http fetch GET 200 https://registry.npmjs.org/esbuild/-/esbuild-0.27.1.tgz 71ms (cache miss)
242 http fetch GET 200 https://registry.npmjs.org/tsx/-/tsx-4.21.0.tgz 94ms (cache miss)
243 http fetch POST 200 https://registry.npmjs.org/-/npm/v1/security/advisories/bulk 248ms
244 silly audit report {}
245 http fetch GET 200 https://registry.npmjs.org/@esbuild/darwin-arm64/-/darwin-arm64-0.27.1.tgz 900ms (cache miss)
246 info run fsevents@2.3.3 install node_modules/fsevents node-gyp rebuild
247 info run fsevents@2.3.3 install { code: 1, signal: null }
248 verbose reify failed optional dependency /Users/randyhereman/Coding/SynergyOS/.npm-cache/_npx/fd45a72a545557e9/node_modules/fsevents
249 silly reify mark deleted [
249 silly reify   '/Users/randyhereman/Coding/SynergyOS/.npm-cache/_npx/fd45a72a545557e9/node_modules/fsevents'
249 silly reify ]
250 info run esbuild@0.27.1 postinstall node_modules/esbuild node install.js
12 verbose cwd /Users/randyhereman/Coding/SynergyOS
13 verbose os Darwin 25.0.0
14 verbose node v24.10.0
15 verbose npm  v11.6.0
16 verbose exit 1
17 verbose code 1
251 info run esbuild@0.27.1 postinstall { code: 0, signal: null }
252 verbose cwd /Users/randyhereman/Coding/SynergyOS
253 verbose os Darwin 25.0.0
254 verbose node v24.10.0
255 verbose npm  v11.6.0
256 verbose exit 1
257 verbose code 1
